2020-04-28 18:28:52,689 [DEBUG] org.apache.http.client.protocol.RequestAddCookies  - CookieSpec selected: default
2020-04-28 18:28:52,701 [DEBUG] org.apache.http.client.protocol.RequestAuthCache  - Auth cache not set in the context
2020-04-28 18:28:52,703 [DEBUG] org.apache.http.impl.conn.PoolingHttpClientConnectionManager  - Connection request: [route: {}->http://localhost:38648][total kept alive: 0; route allocated: 0 of 2000; total allocated: 0 of 2000]
2020-04-28 18:28:52,717 [DEBUG] org.apache.http.impl.conn.PoolingHttpClientConnectionManager  - Connection leased: [id: 0][route: {}->http://localhost:38648][total kept alive: 0; route allocated: 1 of 2000; total allocated: 1 of 2000]
2020-04-28 18:28:52,718 [DEBUG] org.apache.http.impl.execchain.MainClientExec  - Opening connection {}->http://localhost:38648
2020-04-28 18:28:52,719 [DEBUG] org.apache.http.impl.conn.DefaultHttpClientConnectionOperator  - Connecting to localhost/127.0.0.1:38648
2020-04-28 18:28:52,720 [DEBUG] org.apache.http.impl.conn.DefaultHttpClientConnectionOperator  - Connection established 127.0.0.1:19219<->127.0.0.1:38648
2020-04-28 18:28:52,720 [DEBUG] org.apache.http.impl.conn.DefaultManagedHttpClientConnection  - http-outgoing-0: set socket timeout to 10800000
2020-04-28 18:28:52,720 [DEBUG] org.apache.http.impl.execchain.MainClientExec  - Executing request POST /session HTTP/1.1
2020-04-28 18:28:52,720 [DEBUG] org.apache.http.impl.execchain.MainClientExec  - Target auth state: UNCHALLENGED
2020-04-28 18:28:52,721 [DEBUG] org.apache.http.impl.execchain.MainClientExec  - Proxy auth state: UNCHALLENGED
2020-04-28 18:28:52,722 [DEBUG] org.apache.http.headers  - http-outgoing-0 >> POST /session HTTP/1.1
2020-04-28 18:28:52,722 [DEBUG] org.apache.http.headers  - http-outgoing-0 >> Content-Type: application/json; charset=utf-8
2020-04-28 18:28:52,722 [DEBUG] org.apache.http.headers  - http-outgoing-0 >> Content-Length: 550
2020-04-28 18:28:52,722 [DEBUG] org.apache.http.headers  - http-outgoing-0 >> Host: localhost:38648
2020-04-28 18:28:52,723 [DEBUG] org.apache.http.headers  - http-outgoing-0 >> Connection: Keep-Alive
2020-04-28 18:28:52,723 [DEBUG] org.apache.http.headers  - http-outgoing-0 >> User-Agent: Apache-HttpClient/4.5.3 (Java/14)
2020-04-28 18:28:52,723 [DEBUG] org.apache.http.headers  - http-outgoing-0 >> Accept-Encoding: gzip,deflate
2020-04-28 18:28:52,723 [DEBUG] org.apache.http.wire  - http-outgoing-0 >> "POST /session HTTP/1.1[\r][\n]"
2020-04-28 18:28:52,723 [DEBUG] org.apache.http.wire  - http-outgoing-0 >> "Content-Type: application/json; charset=utf-8[\r][\n]"
2020-04-28 18:28:52,723 [DEBUG] org.apache.http.wire  - http-outgoing-0 >> "Content-Length: 550[\r][\n]"
2020-04-28 18:28:52,723 [DEBUG] org.apache.http.wire  - http-outgoing-0 >> "Host: localhost:38648[\r][\n]"
2020-04-28 18:28:52,723 [DEBUG] org.apache.http.wire  - http-outgoing-0 >> "Connection: Keep-Alive[\r][\n]"
2020-04-28 18:28:52,723 [DEBUG] org.apache.http.wire  - http-outgoing-0 >> "User-Agent: Apache-HttpClient/4.5.3 (Java/14)[\r][\n]"
2020-04-28 18:28:52,723 [DEBUG] org.apache.http.wire  - http-outgoing-0 >> "Accept-Encoding: gzip,deflate[\r][\n]"
2020-04-28 18:28:52,723 [DEBUG] org.apache.http.wire  - http-outgoing-0 >> "[\r][\n]"
2020-04-28 18:28:52,723 [DEBUG] org.apache.http.wire  - http-outgoing-0 >> "{[\n]"
2020-04-28 18:28:52,723 [DEBUG] org.apache.http.wire  - http-outgoing-0 >> "  "desiredCapabilities": {[\n]"
2020-04-28 18:28:52,723 [DEBUG] org.apache.http.wire  - http-outgoing-0 >> "    "browserName": "chrome",[\n]"
2020-04-28 18:28:52,723 [DEBUG] org.apache.http.wire  - http-outgoing-0 >> "    "chromeOptions": {[\n]"
2020-04-28 18:28:52,723 [DEBUG] org.apache.http.wire  - http-outgoing-0 >> "      "args": [],[\n]"
2020-04-28 18:28:52,723 [DEBUG] org.apache.http.wire  - http-outgoing-0 >> "      "extensions": [][\n]"
2020-04-28 18:28:52,723 [DEBUG] org.apache.http.wire  - http-outgoing-0 >> "    },[\n]"
2020-04-28 18:28:52,723 [DEBUG] org.apache.http.wire  - http-outgoing-0 >> "    "version": "",[\n]"
2020-04-28 18:28:52,723 [DEBUG] org.apache.http.wire  - http-outgoing-0 >> "    "platform": "ANY"[\n]"
2020-04-28 18:28:52,723 [DEBUG] org.apache.http.wire  - http-outgoing-0 >> "  },[\n]"
2020-04-28 18:28:52,723 [DEBUG] org.apache.http.wire  - http-outgoing-0 >> "  "requiredCapabilities": {},[\n]"
2020-04-28 18:28:52,724 [DEBUG] org.apache.http.wire  - http-outgoing-0 >> "  "capabilities": {[\n]"
2020-04-28 18:28:52,724 [DEBUG] org.apache.http.wire  - http-outgoing-0 >> "    "desiredCapabilities": {[\n]"
2020-04-28 18:28:52,724 [DEBUG] org.apache.http.wire  - http-outgoing-0 >> "      "browserName": "chrome",[\n]"
2020-04-28 18:28:52,724 [DEBUG] org.apache.http.wire  - http-outgoing-0 >> "      "chromeOptions": {[\n]"
2020-04-28 18:28:52,724 [DEBUG] org.apache.http.wire  - http-outgoing-0 >> "        "args": [],[\n]"
2020-04-28 18:28:52,724 [DEBUG] org.apache.http.wire  - http-outgoing-0 >> "        "extensions": [][\n]"
2020-04-28 18:28:52,724 [DEBUG] org.apache.http.wire  - http-outgoing-0 >> "      },[\n]"
2020-04-28 18:28:52,724 [DEBUG] org.apache.http.wire  - http-outgoing-0 >> "      "version": "",[\n]"
2020-04-28 18:28:52,724 [DEBUG] org.apache.http.wire  - http-outgoing-0 >> "      "platform": "ANY"[\n]"
2020-04-28 18:28:52,724 [DEBUG] org.apache.http.wire  - http-outgoing-0 >> "    },[\n]"
2020-04-28 18:28:52,724 [DEBUG] org.apache.http.wire  - http-outgoing-0 >> "    "requiredCapabilities": {},[\n]"
2020-04-28 18:28:52,724 [DEBUG] org.apache.http.wire  - http-outgoing-0 >> "    "alwaysMatch": {},[\n]"
2020-04-28 18:28:52,724 [DEBUG] org.apache.http.wire  - http-outgoing-0 >> "    "firstMatch": [[\n]"
2020-04-28 18:28:52,724 [DEBUG] org.apache.http.wire  - http-outgoing-0 >> "      {[\n]"
2020-04-28 18:28:52,724 [DEBUG] org.apache.http.wire  - http-outgoing-0 >> "        "browserName": "chrome"[\n]"
2020-04-28 18:28:52,724 [DEBUG] org.apache.http.wire  - http-outgoing-0 >> "      }[\n]"
2020-04-28 18:28:52,724 [DEBUG] org.apache.http.wire  - http-outgoing-0 >> "    ][\n]"
2020-04-28 18:28:52,724 [DEBUG] org.apache.http.wire  - http-outgoing-0 >> "  }[\n]"
2020-04-28 18:28:52,725 [DEBUG] org.apache.http.wire  - http-outgoing-0 >> "}"
2020-04-28 18:28:57,627 [DEBUG] org.apache.http.wire  - http-outgoing-0 << "HTTP/1.1 200 OK[\r][\n]"
2020-04-28 18:28:57,628 [DEBUG] org.apache.http.wire  - http-outgoing-0 << "Content-Length:682[\r][\n]"
2020-04-28 18:28:57,628 [DEBUG] org.apache.http.wire  - http-outgoing-0 << "Content-Type:application/json; charset=utf-8[\r][\n]"
2020-04-28 18:28:57,628 [DEBUG] org.apache.http.wire  - http-outgoing-0 << "cache-control:no-cache[\r][\n]"
2020-04-28 18:28:57,628 [DEBUG] org.apache.http.wire  - http-outgoing-0 << "[\r][\n]"
2020-04-28 18:28:57,628 [DEBUG] org.apache.http.wire  - http-outgoing-0 << "{"value":{"capabilities":{"acceptInsecureCerts":false,"browserName":"chrome","browserVersion":"81.0.4044.122","chrome":{"chromedriverVersion":"80.0.3987.106 (f68069574609230cf9b635cd784cfb1bf81bb53a-refs/branch-heads/3987@{#882})","userDataDir":"C:\\Users\\fidel\\AppData\\Local\\Temp\\scoped_dir174104_1374669337"},"goog:chromeOptions":{"debuggerAddress":"localhost:19220"},"networkConnectionEnabled":false,"pageLoadStrategy":"normal","platformName":"windows","proxy":{},"setWindowRect":true,"strictFileInteractability":false,"timeouts":{"implicit":0,"pageLoad":300000,"script":30000},"unhandledPromptBehavior":"dismiss and notify"},"sessionId":"3c5c663ff77315286364f945c2e21779"}}"
2020-04-28 18:28:57,632 [DEBUG] org.apache.http.headers  - http-outgoing-0 << HTTP/1.1 200 OK
2020-04-28 18:28:57,632 [DEBUG] org.apache.http.headers  - http-outgoing-0 << Content-Length:682
2020-04-28 18:28:57,632 [DEBUG] org.apache.http.headers  - http-outgoing-0 << Content-Type:application/json; charset=utf-8
2020-04-28 18:28:57,633 [DEBUG] org.apache.http.headers  - http-outgoing-0 << cache-control:no-cache
2020-04-28 18:28:57,639 [DEBUG] org.apache.http.impl.execchain.MainClientExec  - Connection can be kept alive indefinitely
2020-04-28 18:28:57,645 [DEBUG] org.apache.http.impl.conn.PoolingHttpClientConnectionManager  - Connection [id: 0][route: {}->http://localhost:38648] can be kept alive indefinitely
2020-04-28 18:28:57,646 [DEBUG] org.apache.http.impl.conn.PoolingHttpClientConnectionManager  - Connection released: [id: 0][route: {}->http://localhost:38648][total kept alive: 1; route allocated: 1 of 2000; total allocated: 1 of 2000]
2020-04-28 18:28:57,717 [DEBUG] org.apache.http.client.protocol.RequestAddCookies  - CookieSpec selected: default
2020-04-28 18:28:57,718 [DEBUG] org.apache.http.client.protocol.RequestAuthCache  - Auth cache not set in the context
2020-04-28 18:28:57,718 [DEBUG] org.apache.http.impl.conn.PoolingHttpClientConnectionManager  - Connection request: [route: {}->http://localhost:38648][total kept alive: 1; route allocated: 1 of 2000; total allocated: 1 of 2000]
2020-04-28 18:28:57,718 [DEBUG] org.apache.http.impl.conn.PoolingHttpClientConnectionManager  - Connection leased: [id: 0][route: {}->http://localhost:38648][total kept alive: 0; route allocated: 1 of 2000; total allocated: 1 of 2000]
2020-04-28 18:28:57,718 [DEBUG] org.apache.http.impl.execchain.MainClientExec  - Stale connection check
2020-04-28 18:28:57,719 [DEBUG] org.apache.http.wire  - http-outgoing-0 << "[read] I/O error: Read timed out"
2020-04-28 18:28:57,719 [DEBUG] org.apache.http.impl.conn.DefaultManagedHttpClientConnection  - http-outgoing-0: set socket timeout to 10800000
2020-04-28 18:28:57,719 [DEBUG] org.apache.http.impl.execchain.MainClientExec  - Executing request POST /session/3c5c663ff77315286364f945c2e21779/window/maximize HTTP/1.1
2020-04-28 18:28:57,719 [DEBUG] org.apache.http.impl.execchain.MainClientExec  - Target auth state: UNCHALLENGED
2020-04-28 18:28:57,719 [DEBUG] org.apache.http.impl.execchain.MainClientExec  - Proxy auth state: UNCHALLENGED
2020-04-28 18:28:57,719 [DEBUG] org.apache.http.headers  - http-outgoing-0 >> POST /session/3c5c663ff77315286364f945c2e21779/window/maximize HTTP/1.1
2020-04-28 18:28:57,720 [DEBUG] org.apache.http.headers  - http-outgoing-0 >> Content-Type: application/json; charset=utf-8
2020-04-28 18:28:57,720 [DEBUG] org.apache.http.headers  - http-outgoing-0 >> Content-Length: 2
2020-04-28 18:28:57,720 [DEBUG] org.apache.http.headers  - http-outgoing-0 >> Host: localhost:38648
2020-04-28 18:28:57,720 [DEBUG] org.apache.http.headers  - http-outgoing-0 >> Connection: Keep-Alive
2020-04-28 18:28:57,720 [DEBUG] org.apache.http.headers  - http-outgoing-0 >> User-Agent: Apache-HttpClient/4.5.3 (Java/14)
2020-04-28 18:28:57,720 [DEBUG] org.apache.http.headers  - http-outgoing-0 >> Accept-Encoding: gzip,deflate
2020-04-28 18:28:57,720 [DEBUG] org.apache.http.wire  - http-outgoing-0 >> "POST /session/3c5c663ff77315286364f945c2e21779/window/maximize HTTP/1.1[\r][\n]"
2020-04-28 18:28:57,720 [DEBUG] org.apache.http.wire  - http-outgoing-0 >> "Content-Type: application/json; charset=utf-8[\r][\n]"
2020-04-28 18:28:57,720 [DEBUG] org.apache.http.wire  - http-outgoing-0 >> "Content-Length: 2[\r][\n]"
2020-04-28 18:28:57,720 [DEBUG] org.apache.http.wire  - http-outgoing-0 >> "Host: localhost:38648[\r][\n]"
2020-04-28 18:28:57,720 [DEBUG] org.apache.http.wire  - http-outgoing-0 >> "Connection: Keep-Alive[\r][\n]"
2020-04-28 18:28:57,720 [DEBUG] org.apache.http.wire  - http-outgoing-0 >> "User-Agent: Apache-HttpClient/4.5.3 (Java/14)[\r][\n]"
2020-04-28 18:28:57,720 [DEBUG] org.apache.http.wire  - http-outgoing-0 >> "Accept-Encoding: gzip,deflate[\r][\n]"
2020-04-28 18:28:57,720 [DEBUG] org.apache.http.wire  - http-outgoing-0 >> "[\r][\n]"
2020-04-28 18:28:57,720 [DEBUG] org.apache.http.wire  - http-outgoing-0 >> "{}"
2020-04-28 18:29:01,840 [DEBUG] org.apache.http.wire  - http-outgoing-0 << "HTTP/1.1 200 OK[\r][\n]"
2020-04-28 18:29:01,840 [DEBUG] org.apache.http.wire  - http-outgoing-0 << "Content-Length:51[\r][\n]"
2020-04-28 18:29:01,840 [DEBUG] org.apache.http.wire  - http-outgoing-0 << "Content-Type:application/json; charset=utf-8[\r][\n]"
2020-04-28 18:29:01,840 [DEBUG] org.apache.http.wire  - http-outgoing-0 << "cache-control:no-cache[\r][\n]"
2020-04-28 18:29:01,840 [DEBUG] org.apache.http.wire  - http-outgoing-0 << "[\r][\n]"
2020-04-28 18:29:01,840 [DEBUG] org.apache.http.wire  - http-outgoing-0 << "{"value":{"height":840,"width":1552,"x":-8,"y":-8}}"
2020-04-28 18:29:01,841 [DEBUG] org.apache.http.headers  - http-outgoing-0 << HTTP/1.1 200 OK
2020-04-28 18:29:01,841 [DEBUG] org.apache.http.headers  - http-outgoing-0 << Content-Length:51
2020-04-28 18:29:01,841 [DEBUG] org.apache.http.headers  - http-outgoing-0 << Content-Type:application/json; charset=utf-8
2020-04-28 18:29:01,841 [DEBUG] org.apache.http.headers  - http-outgoing-0 << cache-control:no-cache
2020-04-28 18:29:01,841 [DEBUG] org.apache.http.impl.execchain.MainClientExec  - Connection can be kept alive indefinitely
2020-04-28 18:29:01,841 [DEBUG] org.apache.http.impl.conn.PoolingHttpClientConnectionManager  - Connection [id: 0][route: {}->http://localhost:38648] can be kept alive indefinitely
2020-04-28 18:29:01,841 [DEBUG] org.apache.http.impl.conn.PoolingHttpClientConnectionManager  - Connection released: [id: 0][route: {}->http://localhost:38648][total kept alive: 1; route allocated: 1 of 2000; total allocated: 1 of 2000]
2020-04-28 18:29:01,848 [DEBUG] org.apache.http.client.protocol.RequestAddCookies  - CookieSpec selected: default
2020-04-28 18:29:01,848 [DEBUG] org.apache.http.client.protocol.RequestAuthCache  - Auth cache not set in the context
2020-04-28 18:29:01,848 [DEBUG] org.apache.http.impl.conn.PoolingHttpClientConnectionManager  - Connection request: [route: {}->http://localhost:38648][total kept alive: 1; route allocated: 1 of 2000; total allocated: 1 of 2000]
2020-04-28 18:29:01,848 [DEBUG] org.apache.http.impl.conn.PoolingHttpClientConnectionManager  - Connection leased: [id: 0][route: {}->http://localhost:38648][total kept alive: 0; route allocated: 1 of 2000; total allocated: 1 of 2000]
2020-04-28 18:29:01,848 [DEBUG] org.apache.http.impl.execchain.MainClientExec  - Stale connection check
2020-04-28 18:29:01,849 [DEBUG] org.apache.http.wire  - http-outgoing-0 << "[read] I/O error: Read timed out"
2020-04-28 18:29:01,849 [DEBUG] org.apache.http.impl.conn.DefaultManagedHttpClientConnection  - http-outgoing-0: set socket timeout to 10800000
2020-04-28 18:29:01,849 [DEBUG] org.apache.http.impl.execchain.MainClientExec  - Executing request POST /session/3c5c663ff77315286364f945c2e21779/url HTTP/1.1
2020-04-28 18:29:01,850 [DEBUG] org.apache.http.impl.execchain.MainClientExec  - Target auth state: UNCHALLENGED
2020-04-28 18:29:01,850 [DEBUG] org.apache.http.impl.execchain.MainClientExec  - Proxy auth state: UNCHALLENGED
2020-04-28 18:29:01,850 [DEBUG] org.apache.http.headers  - http-outgoing-0 >> POST /session/3c5c663ff77315286364f945c2e21779/url HTTP/1.1
2020-04-28 18:29:01,850 [DEBUG] org.apache.http.headers  - http-outgoing-0 >> Content-Type: application/json; charset=utf-8
2020-04-28 18:29:01,850 [DEBUG] org.apache.http.headers  - http-outgoing-0 >> Content-Length: 31
2020-04-28 18:29:01,850 [DEBUG] org.apache.http.headers  - http-outgoing-0 >> Host: localhost:38648
2020-04-28 18:29:01,850 [DEBUG] org.apache.http.headers  - http-outgoing-0 >> Connection: Keep-Alive
2020-04-28 18:29:01,850 [DEBUG] org.apache.http.headers  - http-outgoing-0 >> User-Agent: Apache-HttpClient/4.5.3 (Java/14)
2020-04-28 18:29:01,850 [DEBUG] org.apache.http.headers  - http-outgoing-0 >> Accept-Encoding: gzip,deflate
2020-04-28 18:29:01,850 [DEBUG] org.apache.http.wire  - http-outgoing-0 >> "POST /session/3c5c663ff77315286364f945c2e21779/url HTTP/1.1[\r][\n]"
2020-04-28 18:29:01,850 [DEBUG] org.apache.http.wire  - http-outgoing-0 >> "Content-Type: application/json; charset=utf-8[\r][\n]"
2020-04-28 18:29:01,850 [DEBUG] org.apache.http.wire  - http-outgoing-0 >> "Content-Length: 31[\r][\n]"
2020-04-28 18:29:01,850 [DEBUG] org.apache.http.wire  - http-outgoing-0 >> "Host: localhost:38648[\r][\n]"
2020-04-28 18:29:01,850 [DEBUG] org.apache.http.wire  - http-outgoing-0 >> "Connection: Keep-Alive[\r][\n]"
2020-04-28 18:29:01,850 [DEBUG] org.apache.http.wire  - http-outgoing-0 >> "User-Agent: Apache-HttpClient/4.5.3 (Java/14)[\r][\n]"
2020-04-28 18:29:01,850 [DEBUG] org.apache.http.wire  - http-outgoing-0 >> "Accept-Encoding: gzip,deflate[\r][\n]"
2020-04-28 18:29:01,850 [DEBUG] org.apache.http.wire  - http-outgoing-0 >> "[\r][\n]"
2020-04-28 18:29:01,850 [DEBUG] org.apache.http.wire  - http-outgoing-0 >> "{"url":"http://qa.zencanna.io"}"
2020-04-28 18:29:12,599 [DEBUG] org.apache.http.wire  - http-outgoing-0 << "HTTP/1.1 200 OK[\r][\n]"
2020-04-28 18:29:12,599 [DEBUG] org.apache.http.wire  - http-outgoing-0 << "Content-Length:14[\r][\n]"
2020-04-28 18:29:12,599 [DEBUG] org.apache.http.wire  - http-outgoing-0 << "Content-Type:application/json; charset=utf-8[\r][\n]"
2020-04-28 18:29:12,599 [DEBUG] org.apache.http.wire  - http-outgoing-0 << "cache-control:no-cache[\r][\n]"
2020-04-28 18:29:12,599 [DEBUG] org.apache.http.wire  - http-outgoing-0 << "[\r][\n]"
2020-04-28 18:29:12,599 [DEBUG] org.apache.http.wire  - http-outgoing-0 << "{"value":null}"
2020-04-28 18:29:12,599 [DEBUG] org.apache.http.headers  - http-outgoing-0 << HTTP/1.1 200 OK
2020-04-28 18:29:12,599 [DEBUG] org.apache.http.headers  - http-outgoing-0 << Content-Length:14
2020-04-28 18:29:12,599 [DEBUG] org.apache.http.headers  - http-outgoing-0 << Content-Type:application/json; charset=utf-8
2020-04-28 18:29:12,599 [DEBUG] org.apache.http.headers  - http-outgoing-0 << cache-control:no-cache
2020-04-28 18:29:12,599 [DEBUG] org.apache.http.impl.execchain.MainClientExec  - Connection can be kept alive indefinitely
2020-04-28 18:29:12,600 [DEBUG] org.apache.http.impl.conn.PoolingHttpClientConnectionManager  - Connection [id: 0][route: {}->http://localhost:38648] can be kept alive indefinitely
2020-04-28 18:29:12,600 [DEBUG] org.apache.http.impl.conn.PoolingHttpClientConnectionManager  - Connection released: [id: 0][route: {}->http://localhost:38648][total kept alive: 1; route allocated: 1 of 2000; total allocated: 1 of 2000]
